{"./src/wreqr.js":{"path":"./src/wreqr.js","s":{"1":1,"2":1,"3":0,"4":0,"5":1,"6":0,"7":0,"8":0,"9":1,"10":1,"11":1,"12":1,"13":1,"14":0,"15":0},"b":{"1":[0,1],"2":[1,0],"3":[0,1]},"f":{"1":1,"2":0,"3":1,"4":0},"fnMap":{"1":{"name":"(anonymous_1)","line":1,"loc":{"start":{"line":1,"column":1},"end":{"line":1,"column":25}}},"2":{"name":"(anonymous_2)","line":4,"loc":{"start":{"line":4,"column":50},"end":{"line":4,"column":81}}},"3":{"name":"(anonymous_3)","line":15,"loc":{"start":{"line":15,"column":8},"end":{"line":15,"column":37}}},"4":{"name":"(anonymous_4)","line":24,"loc":{"start":{"line":24,"column":30},"end":{"line":24,"column":42}}}},"statementMap":{"1":{"start":{"line":1,"column":0},"end":{"line":37,"column":4}},"2":{"start":{"line":3,"column":2},"end":{"line":13,"column":3}},"3":{"start":{"line":4,"column":4},"end":{"line":6,"column":7}},"4":{"start":{"line":5,"column":6},"end":{"line":5,"column":36}},"5":{"start":{"line":7,"column":9},"end":{"line":13,"column":3}},"6":{"start":{"line":8,"column":4},"end":{"line":8,"column":39}},"7":{"start":{"line":9,"column":4},"end":{"line":9,"column":34}},"8":{"start":{"line":10,"column":4},"end":{"line":10,"column":34}},"9":{"start":{"line":12,"column":4},"end":{"line":12,"column":39}},"10":{"start":{"line":18,"column":2},"end":{"line":18,"column":37}},"11":{"start":{"line":20,"column":2},"end":{"line":20,"column":25}},"12":{"start":{"line":22,"column":2},"end":{"line":22,"column":44}},"13":{"start":{"line":24,"column":2},"end":{"line":27,"column":4}},"14":{"start":{"line":25,"column":4},"end":{"line":25,"column":35}},"15":{"start":{"line":26,"column":4},"end":{"line":26,"column":16}}},"branchMap":{"1":{"line":3,"type":"if","locations":[{"start":{"line":3,"column":2},"end":{"line":3,"column":2}},{"start":{"line":3,"column":2},"end":{"line":3,"column":2}}]},"2":{"line":3,"type":"binary-expr","locations":[{"start":{"line":3,"column":6},"end":{"line":3,"column":34}},{"start":{"line":3,"column":38},"end":{"line":3,"column":48}}]},"3":{"line":7,"type":"if","locations":[{"start":{"line":7,"column":9},"end":{"line":7,"column":9}},{"start":{"line":7,"column":9},"end":{"line":7,"column":9}}]}}},"./spec/javascripts/support/wreqrHelper.js":{"path":"./spec/javascripts/support/wreqrHelper.js","s":{"1":1,"2":1},"b":{},"f":{"1":1},"fnMap":{"1":{"name":"(anonymous_1)","line":1,"loc":{"start":{"line":1,"column":1},"end":{"line":1,"column":17}}}},"statementMap":{"1":{"start":{"line":1,"column":0},"end":{"line":3,"column":9}},"2":{"start":{"line":2,"column":2},"end":{"line":2,"column":32}}},"branchMap":{}},"./src/wreqr.handlers.js":{"path":"./src/wreqr.handlers.js","s":{"1":1,"2":1,"3":36,"4":36,"5":36,"6":0,"7":1,"8":1,"9":3,"10":5,"11":5,"12":1,"13":1,"14":5,"15":28,"16":28,"17":28,"18":12,"19":17,"20":17,"21":4,"22":13,"23":13,"24":13,"25":1,"26":17,"27":1},"b":{"1":[0,36],"2":[1,4],"3":[5,5],"4":[4,13]},"f":{"1":1,"2":36,"3":3,"4":5,"5":28,"6":12,"7":17,"8":13,"9":1,"10":17},"fnMap":{"1":{"name":"(anonymous_1)","line":5,"loc":{"start":{"line":5,"column":18},"end":{"line":5,"column":39}}},"2":{"name":"(anonymous_2)","line":11,"loc":{"start":{"line":11,"column":17},"end":{"line":11,"column":34}}},"3":{"name":"(anonymous_3)","line":28,"loc":{"start":{"line":28,"column":17},"end":{"line":28,"column":35}}},"4":{"name":"(anonymous_4)","line":29,"loc":{"start":{"line":29,"column":23},"end":{"line":29,"column":46}}},"5":{"name":"(anonymous_5)","line":43,"loc":{"start":{"line":43,"column":16},"end":{"line":43,"column":48}}},"6":{"name":"(anonymous_6)","line":55,"loc":{"start":{"line":55,"column":16},"end":{"line":55,"column":30}}},"7":{"name":"(anonymous_7)","line":62,"loc":{"start":{"line":62,"column":16},"end":{"line":62,"column":30}}},"8":{"name":"(anonymous_8)","line":69,"loc":{"start":{"line":69,"column":13},"end":{"line":69,"column":23}}},"9":{"name":"(anonymous_9)","line":76,"loc":{"start":{"line":76,"column":19},"end":{"line":76,"column":33}}},"10":{"name":"(anonymous_10)","line":81,"loc":{"start":{"line":81,"column":23},"end":{"line":81,"column":33}}}},"statementMap":{"1":{"start":{"line":5,"column":0},"end":{"line":87,"column":16}},"2":{"start":{"line":11,"column":2},"end":{"line":18,"column":4}},"3":{"start":{"line":12,"column":4},"end":{"line":12,"column":27}},"4":{"start":{"line":13,"column":4},"end":{"line":13,"column":29}},"5":{"start":{"line":15,"column":4},"end":{"line":17,"column":5}},"6":{"start":{"line":16,"column":6},"end":{"line":16,"column":31}},"7":{"start":{"line":20,"column":2},"end":{"line":20,"column":42}},"8":{"start":{"line":25,"column":2},"end":{"line":84,"column":5}},"9":{"start":{"line":29,"column":6},"end":{"line":38,"column":15}},"10":{"start":{"line":30,"column":8},"end":{"line":30,"column":27}},"11":{"start":{"line":32,"column":8},"end":{"line":35,"column":9}},"12":{"start":{"line":33,"column":10},"end":{"line":33,"column":36}},"13":{"start":{"line":34,"column":10},"end":{"line":34,"column":37}},"14":{"start":{"line":37,"column":8},"end":{"line":37,"column":48}},"15":{"start":{"line":44,"column":6},"end":{"line":47,"column":8}},"16":{"start":{"line":49,"column":6},"end":{"line":49,"column":41}},"17":{"start":{"line":51,"column":6},"end":{"line":51,"column":58}},"18":{"start":{"line":56,"column":6},"end":{"line":56,"column":42}},"19":{"start":{"line":63,"column":6},"end":{"line":63,"column":45}},"20":{"start":{"line":65,"column":6},"end":{"line":67,"column":7}},"21":{"start":{"line":66,"column":8},"end":{"line":66,"column":15}},"22":{"start":{"line":69,"column":6},"end":{"line":72,"column":8}},"23":{"start":{"line":70,"column":8},"end":{"line":70,"column":58}},"24":{"start":{"line":71,"column":8},"end":{"line":71,"column":59}},"25":{"start":{"line":77,"column":6},"end":{"line":77,"column":39}},"26":{"start":{"line":82,"column":6},"end":{"line":82,"column":31}},"27":{"start":{"line":86,"column":2},"end":{"line":86,"column":18}}},"branchMap":{"1":{"line":15,"type":"if","locations":[{"start":{"line":15,"column":4},"end":{"line":15,"column":4}},{"start":{"line":15,"column":4},"end":{"line":15,"column":4}}]},"2":{"line":32,"type":"if","locations":[{"start":{"line":32,"column":8},"end":{"line":32,"column":8}},{"start":{"line":32,"column":8},"end":{"line":32,"column":8}}]},"3":{"line":32,"type":"binary-expr","locations":[{"start":{"line":32,"column":12},"end":{"line":32,"column":31}},{"start":{"line":32,"column":35},"end":{"line":32,"column":57}}]},"4":{"line":65,"type":"if","locations":[{"start":{"line":65,"column":6},"end":{"line":65,"column":6}},{"start":{"line":65,"column":6},"end":{"line":65,"column":6}}]}}},"./src/wreqr.channel.js":{"path":"./src/wreqr.channel.js","s":{"1":1,"2":1,"3":7,"4":7,"5":7,"6":7,"7":1,"8":8,"9":8,"10":8,"11":8,"12":8,"13":2,"14":2,"15":2,"16":2,"17":2,"18":2,"19":6,"20":0,"21":6,"22":6,"23":6,"24":12,"25":1},"b":{"1":[0,6],"2":[6,6],"3":[2,4]},"f":{"1":1,"2":7,"3":8,"4":2,"5":2,"6":2,"7":6,"8":12},"fnMap":{"1":{"name":"(anonymous_1)","line":6,"loc":{"start":{"line":6,"column":17},"end":{"line":6,"column":32}}},"2":{"name":"(anonymous_2)","line":9,"loc":{"start":{"line":9,"column":16},"end":{"line":9,"column":38}}},"3":{"name":"(anonymous_3)","line":19,"loc":{"start":{"line":19,"column":11},"end":{"line":19,"column":22}}},"4":{"name":"(anonymous_4)","line":28,"loc":{"start":{"line":28,"column":19},"end":{"line":28,"column":43}}},"5":{"name":"(anonymous_5)","line":33,"loc":{"start":{"line":33,"column":21},"end":{"line":33,"column":45}}},"6":{"name":"(anonymous_6)","line":38,"loc":{"start":{"line":38,"column":21},"end":{"line":38,"column":45}}},"7":{"name":"(anonymous_7)","line":44,"loc":{"start":{"line":44,"column":14},"end":{"line":44,"column":44}}},"8":{"name":"(anonymous_8)","line":52,"loc":{"start":{"line":52,"column":19},"end":{"line":52,"column":43}}}},"statementMap":{"1":{"start":{"line":6,"column":0},"end":{"line":60,"column":10}},"2":{"start":{"line":9,"column":2},"end":{"line":14,"column":4}},"3":{"start":{"line":10,"column":4},"end":{"line":10,"column":60}},"4":{"start":{"line":11,"column":4},"end":{"line":11,"column":60}},"5":{"start":{"line":12,"column":4},"end":{"line":12,"column":53}},"6":{"start":{"line":13,"column":4},"end":{"line":13,"column":35}},"7":{"start":{"line":16,"column":2},"end":{"line":56,"column":5}},"8":{"start":{"line":20,"column":6},"end":{"line":20,"column":22}},"9":{"start":{"line":21,"column":6},"end":{"line":21,"column":32}},"10":{"start":{"line":22,"column":6},"end":{"line":22,"column":38}},"11":{"start":{"line":23,"column":6},"end":{"line":23,"column":40}},"12":{"start":{"line":24,"column":6},"end":{"line":24,"column":18}},"13":{"start":{"line":29,"column":6},"end":{"line":29,"column":43}},"14":{"start":{"line":30,"column":6},"end":{"line":30,"column":18}},"15":{"start":{"line":34,"column":6},"end":{"line":34,"column":47}},"16":{"start":{"line":35,"column":6},"end":{"line":35,"column":18}},"17":{"start":{"line":39,"column":6},"end":{"line":39,"column":45}},"18":{"start":{"line":40,"column":6},"end":{"line":40,"column":18}},"19":{"start":{"line":45,"column":6},"end":{"line":47,"column":7}},"20":{"start":{"line":46,"column":8},"end":{"line":46,"column":15}},"21":{"start":{"line":49,"column":6},"end":{"line":49,"column":32}},"22":{"start":{"line":50,"column":6},"end":{"line":50,"column":59}},"23":{"start":{"line":52,"column":6},"end":{"line":54,"column":15}},"24":{"start":{"line":53,"column":8},"end":{"line":53,"column":59}},"25":{"start":{"line":59,"column":2},"end":{"line":59,"column":17}}},"branchMap":{"1":{"line":45,"type":"if","locations":[{"start":{"line":45,"column":6},"end":{"line":45,"column":6}},{"start":{"line":45,"column":6},"end":{"line":45,"column":6}}]},"2":{"line":49,"type":"binary-expr","locations":[{"start":{"line":49,"column":16},"end":{"line":49,"column":23}},{"start":{"line":49,"column":27},"end":{"line":49,"column":31}}]},"3":{"line":50,"type":"cond-expr","locations":[{"start":{"line":50,"column":39},"end":{"line":50,"column":43}},{"start":{"line":50,"column":46},"end":{"line":50,"column":58}}]}}},"./src/wreqr.commandStorage.js":{"path":"./src/wreqr.commandStorage.js","s":{"1":1,"2":1,"3":13,"4":13,"5":13,"6":0,"7":1,"8":23,"9":23,"10":8,"11":8,"12":23,"13":3,"14":3,"15":9,"16":9,"17":1},"b":{"1":[0,13],"2":[8,15]},"f":{"1":1,"2":13,"3":23,"4":3,"5":9},"fnMap":{"1":{"name":"(anonymous_1)","line":5,"loc":{"start":{"line":5,"column":24},"end":{"line":5,"column":34}}},"2":{"name":"(anonymous_2)","line":9,"loc":{"start":{"line":9,"column":23},"end":{"line":9,"column":40}}},"3":{"name":"(anonymous_3)","line":24,"loc":{"start":{"line":24,"column":17},"end":{"line":24,"column":38}}},"4":{"name":"(anonymous_4)","line":45,"loc":{"start":{"line":45,"column":16},"end":{"line":45,"column":43}}},"5":{"name":"(anonymous_5)","line":51,"loc":{"start":{"line":51,"column":19},"end":{"line":51,"column":40}}}},"statementMap":{"1":{"start":{"line":5,"column":0},"end":{"line":58,"column":5}},"2":{"start":{"line":9,"column":2},"end":{"line":16,"column":4}},"3":{"start":{"line":10,"column":4},"end":{"line":10,"column":27}},"4":{"start":{"line":11,"column":4},"end":{"line":11,"column":24}},"5":{"start":{"line":13,"column":4},"end":{"line":15,"column":5}},"6":{"start":{"line":14,"column":6},"end":{"line":14,"column":31}},"7":{"start":{"line":19,"column":2},"end":{"line":55,"column":5}},"8":{"start":{"line":25,"column":6},"end":{"line":25,"column":49}},"9":{"start":{"line":28,"column":6},"end":{"line":38,"column":7}},"10":{"start":{"line":31,"column":8},"end":{"line":34,"column":10}},"11":{"start":{"line":37,"column":8},"end":{"line":37,"column":47}},"12":{"start":{"line":40,"column":6},"end":{"line":40,"column":22}},"13":{"start":{"line":46,"column":6},"end":{"line":46,"column":50}},"14":{"start":{"line":47,"column":6},"end":{"line":47,"column":35}},"15":{"start":{"line":52,"column":6},"end":{"line":52,"column":50}},"16":{"start":{"line":53,"column":6},"end":{"line":53,"column":29}},"17":{"start":{"line":57,"column":2},"end":{"line":57,"column":24}}},"branchMap":{"1":{"line":13,"type":"if","locations":[{"start":{"line":13,"column":4},"end":{"line":13,"column":4}},{"start":{"line":13,"column":4},"end":{"line":13,"column":4}}]},"2":{"line":28,"type":"if","locations":[{"start":{"line":28,"column":6},"end":{"line":28,"column":6}},{"start":{"line":28,"column":6},"end":{"line":28,"column":6}}]}}},"./src/wreqr.commands.js":{"path":"./src/wreqr.commands.js","s":{"1":1,"2":1,"3":17,"4":17,"5":17,"6":17,"7":17,"8":6,"9":6,"10":6,"11":3,"12":3,"13":9,"14":9,"15":2,"16":9,"17":17,"18":17,"19":17,"20":15,"21":2,"22":17},"b":{"1":[17,15],"2":[3,3],"3":[17,15],"4":[15,2]},"f":{"1":1,"2":17,"3":6,"4":9,"5":2,"6":17},"fnMap":{"1":{"name":"(anonymous_1)","line":6,"loc":{"start":{"line":6,"column":18},"end":{"line":6,"column":33}}},"2":{"name":"(anonymous_2)","line":13,"loc":{"start":{"line":13,"column":17},"end":{"line":13,"column":34}}},"3":{"name":"(anonymous_3)","line":24,"loc":{"start":{"line":24,"column":13},"end":{"line":24,"column":33}}},"4":{"name":"(anonymous_4)","line":37,"loc":{"start":{"line":37,"column":22},"end":{"line":37,"column":54}}},"5":{"name":"(anonymous_5)","line":41,"loc":{"start":{"line":41,"column":32},"end":{"line":41,"column":46}}},"6":{"name":"(anonymous_6)","line":50,"loc":{"start":{"line":50,"column":24},"end":{"line":50,"column":41}}}},"statementMap":{"1":{"start":{"line":6,"column":0},"end":{"line":64,"column":10}},"2":{"start":{"line":9,"column":2},"end":{"line":62,"column":5}},"3":{"start":{"line":14,"column":6},"end":{"line":14,"column":35}},"4":{"start":{"line":16,"column":6},"end":{"line":16,"column":44}},"5":{"start":{"line":17,"column":6},"end":{"line":17,"column":58}},"6":{"start":{"line":19,"column":6},"end":{"line":19,"column":55}},"7":{"start":{"line":20,"column":6},"end":{"line":20,"column":61}},"8":{"start":{"line":25,"column":6},"end":{"line":25,"column":26}},"9":{"start":{"line":26,"column":6},"end":{"line":26,"column":54}},"10":{"start":{"line":28,"column":6},"end":{"line":32,"column":7}},"11":{"start":{"line":29,"column":8},"end":{"line":29,"column":48}},"12":{"start":{"line":31,"column":8},"end":{"line":31,"column":44}},"13":{"start":{"line":38,"column":6},"end":{"line":38,"column":51}},"14":{"start":{"line":41,"column":6},"end":{"line":43,"column":9}},"15":{"start":{"line":42,"column":8},"end":{"line":42,"column":37}},"16":{"start":{"line":45,"column":6},"end":{"line":45,"column":39}},"17":{"start":{"line":51,"column":6},"end":{"line":51,"column":18}},"18":{"start":{"line":53,"column":6},"end":{"line":53,"column":64}},"19":{"start":{"line":54,"column":6},"end":{"line":58,"column":7}},"20":{"start":{"line":55,"column":8},"end":{"line":55,"column":36}},"21":{"start":{"line":57,"column":8},"end":{"line":57,"column":30}},"22":{"start":{"line":60,"column":6},"end":{"line":60,"column":29}}},"branchMap":{"1":{"line":14,"type":"binary-expr","locations":[{"start":{"line":14,"column":21},"end":{"line":14,"column":28}},{"start":{"line":14,"column":32},"end":{"line":14,"column":34}}]},"2":{"line":28,"type":"if","locations":[{"start":{"line":28,"column":6},"end":{"line":28,"column":6}},{"start":{"line":28,"column":6},"end":{"line":28,"column":6}}]},"3":{"line":53,"type":"binary-expr","locations":[{"start":{"line":53,"column":24},"end":{"line":53,"column":43}},{"start":{"line":53,"column":47},"end":{"line":53,"column":63}}]},"4":{"line":54,"type":"if","locations":[{"start":{"line":54,"column":6},"end":{"line":54,"column":6}},{"start":{"line":54,"column":6},"end":{"line":54,"column":6}}]}}},"./src/wreqr.eventaggregator.js":{"path":"./src/wreqr.eventaggregator.js","s":{"1":1,"2":1,"3":1,"4":1,"5":1},"b":{},"f":{"1":1,"2":9},"fnMap":{"1":{"name":"(anonymous_1)","line":6,"loc":{"start":{"line":6,"column":25},"end":{"line":6,"column":46}}},"2":{"name":"(anonymous_2)","line":8,"loc":{"start":{"line":8,"column":11},"end":{"line":8,"column":21}}}},"statementMap":{"1":{"start":{"line":6,"column":0},"end":{"line":17,"column":16}},"2":{"start":{"line":8,"column":2},"end":{"line":8,"column":24}},"3":{"start":{"line":11,"column":2},"end":{"line":11,"column":36}},"4":{"start":{"line":14,"column":2},"end":{"line":14,"column":42}},"5":{"start":{"line":16,"column":2},"end":{"line":16,"column":12}}},"branchMap":{}},"./src/wreqr.radio.js":{"path":"./src/wreqr.radio.js","s":{"1":1,"2":1,"3":1,"4":1,"5":1,"6":1,"7":1,"8":1,"9":42,"10":1,"11":41,"12":75,"13":75,"14":3,"15":3,"16":75,"17":1,"18":3,"19":17,"20":1,"21":1,"22":17,"23":34,"24":34,"25":34,"26":1},"b":{"1":[1,41],"2":[3,72]},"f":{"1":1,"2":1,"3":42,"4":75,"5":1,"6":3,"7":17,"8":17,"9":34},"fnMap":{"1":{"name":"(anonymous_1)","line":5,"loc":{"start":{"line":5,"column":15},"end":{"line":5,"column":30}}},"2":{"name":"(anonymous_2)","line":8,"loc":{"start":{"line":8,"column":14},"end":{"line":8,"column":25}}},"3":{"name":"(anonymous_3)","line":18,"loc":{"start":{"line":18,"column":13},"end":{"line":18,"column":35}}},"4":{"name":"(anonymous_4)","line":26,"loc":{"start":{"line":26,"column":17},"end":{"line":26,"column":39}}},"5":{"name":"(anonymous_5)","line":37,"loc":{"start":{"line":37,"column":19},"end":{"line":37,"column":30}}},"6":{"name":"(anonymous_6)","line":38,"loc":{"start":{"line":38,"column":45},"end":{"line":38,"column":62}}},"7":{"name":"(anonymous_7)","line":39,"loc":{"start":{"line":39,"column":40},"end":{"line":39,"column":57}}},"8":{"name":"(anonymous_8)","line":75,"loc":{"start":{"line":75,"column":20},"end":{"line":75,"column":52}}},"9":{"name":"(anonymous_9)","line":76,"loc":{"start":{"line":76,"column":11},"end":{"line":76,"column":33}}}},"statementMap":{"1":{"start":{"line":5,"column":0},"end":{"line":86,"column":10}},"2":{"start":{"line":8,"column":2},"end":{"line":14,"column":4}},"3":{"start":{"line":9,"column":4},"end":{"line":9,"column":24}},"4":{"start":{"line":10,"column":4},"end":{"line":10,"column":19}},"5":{"start":{"line":11,"column":4},"end":{"line":11,"column":23}},"6":{"start":{"line":12,"column":4},"end":{"line":12,"column":21}},"7":{"start":{"line":13,"column":4},"end":{"line":13,"column":25}},"8":{"start":{"line":16,"column":2},"end":{"line":44,"column":5}},"9":{"start":{"line":19,"column":6},"end":{"line":21,"column":7}},"10":{"start":{"line":20,"column":8},"end":{"line":20,"column":55}},"11":{"start":{"line":23,"column":6},"end":{"line":23,"column":45}},"12":{"start":{"line":27,"column":6},"end":{"line":27,"column":48}},"13":{"start":{"line":29,"column":6},"end":{"line":32,"column":7}},"14":{"start":{"line":30,"column":8},"end":{"line":30,"column":49}},"15":{"start":{"line":31,"column":8},"end":{"line":31,"column":46}},"16":{"start":{"line":34,"column":6},"end":{"line":34,"column":21}},"17":{"start":{"line":38,"column":6},"end":{"line":42,"column":15}},"18":{"start":{"line":39,"column":8},"end":{"line":41,"column":17}},"19":{"start":{"line":40,"column":10},"end":{"line":40,"column":67}},"20":{"start":{"line":47,"column":2},"end":{"line":73,"column":4}},"21":{"start":{"line":75,"column":2},"end":{"line":82,"column":4}},"22":{"start":{"line":76,"column":4},"end":{"line":81,"column":6}},"23":{"start":{"line":77,"column":6},"end":{"line":77,"column":65}},"24":{"start":{"line":78,"column":6},"end":{"line":78,"column":58}},"25":{"start":{"line":80,"column":6},"end":{"line":80,"column":62}},"26":{"start":{"line":84,"column":2},"end":{"line":84,"column":21}}},"branchMap":{"1":{"line":19,"type":"if","locations":[{"start":{"line":19,"column":6},"end":{"line":19,"column":6}},{"start":{"line":19,"column":6},"end":{"line":19,"column":6}}]},"2":{"line":29,"type":"if","locations":[{"start":{"line":29,"column":6},"end":{"line":29,"column":6}},{"start":{"line":29,"column":6},"end":{"line":29,"column":6}}]}}},"./src/wreqr.requestresponse.js":{"path":"./src/wreqr.requestresponse.js","s":{"1":1,"2":1,"3":4,"4":4,"5":4,"6":4},"b":{"1":[4,0]},"f":{"1":1,"2":4},"fnMap":{"1":{"name":"(anonymous_1)","line":6,"loc":{"start":{"line":6,"column":25},"end":{"line":6,"column":40}}},"2":{"name":"(anonymous_2)","line":10,"loc":{"start":{"line":10,"column":13},"end":{"line":10,"column":23}}}},"statementMap":{"1":{"start":{"line":6,"column":0},"end":{"line":19,"column":10}},"2":{"start":{"line":9,"column":2},"end":{"line":17,"column":5}},"3":{"start":{"line":11,"column":6},"end":{"line":11,"column":30}},"4":{"start":{"line":12,"column":6},"end":{"line":12,"column":58}},"5":{"start":{"line":13,"column":6},"end":{"line":15,"column":7}},"6":{"start":{"line":14,"column":8},"end":{"line":14,"column":55}}},"branchMap":{"1":{"line":13,"type":"if","locations":[{"start":{"line":13,"column":6},"end":{"line":13,"column":6}},{"start":{"line":13,"column":6},"end":{"line":13,"column":6}}]}}}}